<?xml version="1.0" encoding="UTF-8"?>
<!-- Generated by org.testng.reporters.JUnitReportReporter -->
<testsuite hostname="DESKTOP-4DD1PG7" failures="0" tests="3" name="tests.LoginTest" time="119.359" errors="0" timestamp="2025-09-04T13:02:10 PKT" skipped="0">
  <testcase classname="tests.LoginTest" name="testLoginFromExcel" time="45.607"/>
  <testcase classname="tests.LoginTest" name="testLoginFromExcel" time="45.803"/>
  <testcase classname="tests.LoginTest" name="testLoginFromExcel" time="27.949"/>
</testsuite> <!-- tests.LoginTest -->
