<?xml version="1.0" encoding="UTF-8"?>
<!-- Generated by org.testng.reporters.JUnitReportReporter -->
<testsuite hostname="DESKTOP-4DD1PG7" failures="0" tests="1" name="tests.LoginTest" time="20.555" errors="0" timestamp="2025-09-03T17:19:53 PKT" skipped="0">
  <testcase classname="tests.LoginTest" name="testValidLogin" time="20.555"/>
</testsuite> <!-- tests.LoginTest -->
